<?xml version="1.0" encoding="UTF-8"?>
<!-- Generated by org.testng.reporters.JUnitReportReporter -->
<testsuite hostname="DESKTOP-P0JC5T6" failures="0" tests="6" name="com.healthcare.testrunner.TestRunner_TestNG" time="159.028" errors="0" timestamp="2023-04-09T10:20:30 IST" skipped="0">
  <testcase classname="com.healthcare.testrunner.TestRunner_TestNG" name="runScenario" time="20.065"/>
  <system-out/>
  <testcase classname="com.healthcare.testrunner.TestRunner_TestNG" name="runScenario" time="15.390"/>
  <system-out/>
  <testcase classname="com.healthcare.testrunner.TestRunner_TestNG" name="runScenario" time="25.300"/>
  <system-out/>
  <testcase classname="com.healthcare.testrunner.TestRunner_TestNG" name="runScenario" time="65.386"/>
  <system-out/>
  <testcase classname="com.healthcare.testrunner.TestRunner_TestNG" name="runScenario" time="15.404"/>
  <system-out/>
  <testcase classname="com.healthcare.testrunner.TestRunner_TestNG" name="runScenario" time="17.483"/>
  <system-out/>
</testsuite> <!-- com.healthcare.testrunner.TestRunner_TestNG -->
